[2021-07-11 01:09:13.603] [exthost] [info] extension host started
[2021-07-11 01:09:13.663] [exthost] [info] ExtensionService#_doActivateExtension vscode.microsoft-authentication {"startup":false,"extensionId":{"value":"vscode.microsoft-authentication","_lower":"vscode.microsoft-authentication"},"activationEvent":"onAuthenticationRequest:microsoft"}
[2021-07-11 01:09:13.663] [exthost] [info] ExtensionService#loadCommonJSModule file:///usr/share/code/resources/app/extensions/microsoft-authentication/dist/extension.js
[2021-07-11 01:09:13.677] [exthost] [info] ExtensionService#_doActivateExtension vscode.debug-auto-launch {"startup":true,"extensionId":{"value":"vscode.debug-auto-launch","_lower":"vscode.debug-auto-launch"},"activationEvent":"*"}
[2021-07-11 01:09:13.677] [exthost] [info] ExtensionService#loadCommonJSModule file:///usr/share/code/resources/app/extensions/debug-auto-launch/dist/extension
[2021-07-11 01:09:13.679] [exthost] [info] ExtensionService#_doActivateExtension vscode.git {"startup":true,"extensionId":{"value":"vscode.github","_lower":"vscode.github"},"activationEvent":"*"}
[2021-07-11 01:09:13.679] [exthost] [info] ExtensionService#loadCommonJSModule file:///usr/share/code/resources/app/extensions/git/dist/main
[2021-07-11 01:09:13.714] [exthost] [info] ExtensionService#_doActivateExtension Atishay-Jain.All-Autocomplete {"startup":true,"extensionId":{"value":"Atishay-Jain.All-Autocomplete","_lower":"atishay-jain.all-autocomplete"},"activationEvent":"*"}
[2021-07-11 01:09:13.714] [exthost] [info] ExtensionService#loadCommonJSModule file:///root/.vscode/extensions/atishay-jain.all-autocomplete-0.0.23/dist/extension
[2021-07-11 01:09:13.716] [exthost] [info] ExtensionService#_doActivateExtension christian-kohler.path-intellisense {"startup":true,"extensionId":{"value":"christian-kohler.path-intellisense","_lower":"christian-kohler.path-intellisense"},"activationEvent":"*"}
[2021-07-11 01:09:13.716] [exthost] [info] ExtensionService#loadCommonJSModule file:///root/.vscode/extensions/christian-kohler.path-intellisense-2.3.0/out/extension.js
[2021-07-11 01:09:13.730] [exthost] [info] ExtensionService#_doActivateExtension CoenraadS.bracket-pair-colorizer {"startup":true,"extensionId":{"value":"CoenraadS.bracket-pair-colorizer","_lower":"coenraads.bracket-pair-colorizer"},"activationEvent":"*"}
[2021-07-11 01:09:13.730] [exthost] [info] ExtensionService#loadCommonJSModule file:///root/.vscode/extensions/coenraads.bracket-pair-colorizer-1.0.61/out/src/extension
[2021-07-11 01:09:13.744] [exthost] [info] ExtensionService#_doActivateExtension HookyQR.minify {"startup":true,"extensionId":{"value":"HookyQR.minify","_lower":"hookyqr.minify"},"activationEvent":"*"}
[2021-07-11 01:09:13.744] [exthost] [info] ExtensionService#loadCommonJSModule file:///root/.vscode/extensions/hookyqr.minify-0.4.3/extension
[2021-07-11 01:09:13.869] [exthost] [info] ExtensionService#_doActivateExtension PKief.material-icon-theme {"startup":true,"extensionId":{"value":"PKief.material-icon-theme","_lower":"pkief.material-icon-theme"},"activationEvent":"*"}
[2021-07-11 01:09:13.869] [exthost] [info] ExtensionService#loadCommonJSModule file:///root/.vscode/extensions/pkief.material-icon-theme-4.8.0/dist/extension
[2021-07-11 01:09:13.952] [exthost] [info] ExtensionService#_doActivateExtension vscode.github {"startup":true,"extensionId":{"value":"vscode.github","_lower":"vscode.github"},"activationEvent":"*"}
[2021-07-11 01:09:13.952] [exthost] [info] ExtensionService#loadCommonJSModule file:///usr/share/code/resources/app/extensions/github/dist/extension.js
[2021-07-11 01:09:13.975] [exthost] [info] ExtensionService#_doActivateExtension ms-vscode.js-debug {"startup":false,"extensionId":{"value":"ms-vscode.js-debug","_lower":"ms-vscode.js-debug"},"activationEvent":"onCommand:extension.js-debug.clearAutoAttachVariables"}
[2021-07-11 01:09:13.975] [exthost] [info] ExtensionService#loadCommonJSModule file:///usr/share/code/resources/app/extensions/ms-vscode.js-debug/src/extension.js
[2021-07-11 01:09:14.115] [exthost] [info] eager extensions activated
[2021-07-11 01:09:14.128] [exthost] [info] ExtensionService#_doActivateExtension vscode.emmet {"startup":false,"extensionId":{"value":"vscode.emmet","_lower":"vscode.emmet"},"activationEvent":"onStartupFinished"}
[2021-07-11 01:09:14.128] [exthost] [info] ExtensionService#loadCommonJSModule file:///usr/share/code/resources/app/extensions/emmet/dist/node/emmetNodeMain
[2021-07-11 01:09:14.139] [exthost] [info] ExtensionService#_doActivateExtension vscode.merge-conflict {"startup":false,"extensionId":{"value":"vscode.merge-conflict","_lower":"vscode.merge-conflict"},"activationEvent":"onStartupFinished"}
[2021-07-11 01:09:14.139] [exthost] [info] ExtensionService#loadCommonJSModule file:///usr/share/code/resources/app/extensions/merge-conflict/dist/mergeConflictMain
[2021-07-11 01:09:14.142] [exthost] [info] ExtensionService#_doActivateExtension vscode.testing-editor-contributions {"startup":false,"extensionId":{"value":"vscode.testing-editor-contributions","_lower":"vscode.testing-editor-contributions"},"activationEvent":"onStartupFinished"}
[2021-07-11 01:09:14.142] [exthost] [info] ExtensionService#loadCommonJSModule file:///usr/share/code/resources/app/extensions/testing-editor-contributions/dist/extension.js
[2021-07-11 01:09:14.145] [exthost] [info] ExtensionService#_doActivateExtension vscode.github-authentication {"startup":false,"extensionId":{"value":"vscode.github-authentication","_lower":"vscode.github-authentication"},"activationEvent":"onAuthenticationRequest:github"}
[2021-07-11 01:09:14.145] [exthost] [info] ExtensionService#loadCommonJSModule file:///usr/share/code/resources/app/extensions/github-authentication/dist/extension.js
[2021-07-11 01:09:34.733] [exthost] [info] extension host terminating: received terminate message from renderer
[2021-07-11 01:09:35.705] [exthost] [info] extension host started
[2021-07-11 01:09:35.736] [exthost] [info] ExtensionService#_doActivateExtension vscode.microsoft-authentication {"startup":false,"extensionId":{"value":"vscode.microsoft-authentication","_lower":"vscode.microsoft-authentication"},"activationEvent":"onAuthenticationRequest:microsoft"}
[2021-07-11 01:09:35.736] [exthost] [info] ExtensionService#loadCommonJSModule file:///usr/share/code/resources/app/extensions/microsoft-authentication/dist/extension.js
[2021-07-11 01:09:35.738] [exthost] [info] exiting with code 0
[2021-07-11 01:09:35.743] [exthost] [info] ExtensionService#_doActivateExtension vscode.debug-auto-launch {"startup":true,"extensionId":{"value":"vscode.debug-auto-launch","_lower":"vscode.debug-auto-launch"},"activationEvent":"*"}
[2021-07-11 01:09:35.743] [exthost] [info] ExtensionService#loadCommonJSModule file:///usr/share/code/resources/app/extensions/debug-auto-launch/dist/extension
[2021-07-11 01:09:35.745] [exthost] [info] ExtensionService#_doActivateExtension vscode.git {"startup":true,"extensionId":{"value":"vscode.github","_lower":"vscode.github"},"activationEvent":"*"}
[2021-07-11 01:09:35.745] [exthost] [info] ExtensionService#loadCommonJSModule file:///usr/share/code/resources/app/extensions/git/dist/main
[2021-07-11 01:09:35.758] [exthost] [info] ExtensionService#_doActivateExtension Atishay-Jain.All-Autocomplete {"startup":true,"extensionId":{"value":"Atishay-Jain.All-Autocomplete","_lower":"atishay-jain.all-autocomplete"},"activationEvent":"*"}
[2021-07-11 01:09:35.758] [exthost] [info] ExtensionService#loadCommonJSModule file:///root/.vscode/extensions/atishay-jain.all-autocomplete-0.0.23/dist/extension
[2021-07-11 01:09:35.759] [exthost] [info] ExtensionService#_doActivateExtension christian-kohler.path-intellisense {"startup":true,"extensionId":{"value":"christian-kohler.path-intellisense","_lower":"christian-kohler.path-intellisense"},"activationEvent":"*"}
[2021-07-11 01:09:35.759] [exthost] [info] ExtensionService#loadCommonJSModule file:///root/.vscode/extensions/christian-kohler.path-intellisense-2.3.0/out/extension.js
[2021-07-11 01:09:35.769] [exthost] [info] ExtensionService#_doActivateExtension CoenraadS.bracket-pair-colorizer {"startup":true,"extensionId":{"value":"CoenraadS.bracket-pair-colorizer","_lower":"coenraads.bracket-pair-colorizer"},"activationEvent":"*"}
[2021-07-11 01:09:35.769] [exthost] [info] ExtensionService#loadCommonJSModule file:///root/.vscode/extensions/coenraads.bracket-pair-colorizer-1.0.61/out/src/extension
[2021-07-11 01:09:35.778] [exthost] [info] ExtensionService#_doActivateExtension HookyQR.minify {"startup":true,"extensionId":{"value":"HookyQR.minify","_lower":"hookyqr.minify"},"activationEvent":"*"}
[2021-07-11 01:09:35.778] [exthost] [info] ExtensionService#loadCommonJSModule file:///root/.vscode/extensions/hookyqr.minify-0.4.3/extension
[2021-07-11 01:09:35.883] [exthost] [info] ExtensionService#_doActivateExtension PKief.material-icon-theme {"startup":true,"extensionId":{"value":"PKief.material-icon-theme","_lower":"pkief.material-icon-theme"},"activationEvent":"*"}
[2021-07-11 01:09:35.883] [exthost] [info] ExtensionService#loadCommonJSModule file:///root/.vscode/extensions/pkief.material-icon-theme-4.8.0/dist/extension
[2021-07-11 01:09:35.933] [exthost] [info] ExtensionService#_doActivateExtension felixfbecker.php-intellisense {"startup":true,"extensionId":{"value":"felixfbecker.php-intellisense","_lower":"felixfbecker.php-intellisense"},"activationEvent":"workspaceContains:**/*.php"}
[2021-07-11 01:09:35.933] [exthost] [info] ExtensionService#loadCommonJSModule file:///root/.vscode/extensions/felixfbecker.php-intellisense-2.3.14/out/extension
[2021-07-11 01:09:36.025] [exthost] [info] ExtensionService#_doActivateExtension vscode.github {"startup":true,"extensionId":{"value":"vscode.github","_lower":"vscode.github"},"activationEvent":"*"}
[2021-07-11 01:09:36.025] [exthost] [info] ExtensionService#loadCommonJSModule file:///usr/share/code/resources/app/extensions/github/dist/extension.js
[2021-07-11 01:09:36.028] [exthost] [info] ExtensionService#_doActivateExtension ms-vscode.js-debug {"startup":false,"extensionId":{"value":"ms-vscode.js-debug","_lower":"ms-vscode.js-debug"},"activationEvent":"onCommand:extension.js-debug.clearAutoAttachVariables"}
[2021-07-11 01:09:36.029] [exthost] [info] ExtensionService#loadCommonJSModule file:///usr/share/code/resources/app/extensions/ms-vscode.js-debug/src/extension.js
[2021-07-11 01:09:36.181] [exthost] [info] eager extensions activated
[2021-07-11 01:09:36.206] [exthost] [info] ExtensionService#_doActivateExtension vscode.github-authentication {"startup":false,"extensionId":{"value":"vscode.github-authentication","_lower":"vscode.github-authentication"},"activationEvent":"onAuthenticationRequest:github"}
[2021-07-11 01:09:36.206] [exthost] [info] ExtensionService#loadCommonJSModule file:///usr/share/code/resources/app/extensions/github-authentication/dist/extension.js
[2021-07-11 01:09:36.211] [exthost] [info] ExtensionService#_doActivateExtension vscode.emmet {"startup":false,"extensionId":{"value":"vscode.emmet","_lower":"vscode.emmet"},"activationEvent":"onStartupFinished"}
[2021-07-11 01:09:36.212] [exthost] [info] ExtensionService#loadCommonJSModule file:///usr/share/code/resources/app/extensions/emmet/dist/node/emmetNodeMain
[2021-07-11 01:09:36.216] [exthost] [info] ExtensionService#_doActivateExtension vscode.merge-conflict {"startup":false,"extensionId":{"value":"vscode.merge-conflict","_lower":"vscode.merge-conflict"},"activationEvent":"onStartupFinished"}
[2021-07-11 01:09:36.216] [exthost] [info] ExtensionService#loadCommonJSModule file:///usr/share/code/resources/app/extensions/merge-conflict/dist/mergeConflictMain
[2021-07-11 01:09:36.217] [exthost] [info] ExtensionService#_doActivateExtension vscode.testing-editor-contributions {"startup":false,"extensionId":{"value":"vscode.testing-editor-contributions","_lower":"vscode.testing-editor-contributions"},"activationEvent":"onStartupFinished"}
[2021-07-11 01:09:36.217] [exthost] [info] ExtensionService#loadCommonJSModule file:///usr/share/code/resources/app/extensions/testing-editor-contributions/dist/extension.js
[2021-07-11 01:09:36.234] [exthost] [warning] [Decorations] CAPPING events from decorations provider vscode.git 363
[2021-07-11 01:10:19.513] [exthost] [warning] [Decorations] CAPPING events from decorations provider vscode.git 484
[2021-07-11 01:21:06.032] [exthost] [warning] [Decorations] CAPPING events from decorations provider vscode.git 493
[2021-07-11 01:24:21.544] [exthost] [warning] [Decorations] CAPPING events from decorations provider vscode.git 493
[2021-07-11 01:27:17.854] [exthost] [warning] [Decorations] CAPPING events from decorations provider vscode.git 493
[2021-07-11 01:28:34.634] [exthost] [warning] [Decorations] CAPPING events from decorations provider vscode.git 494
[2021-07-11 01:28:45.411] [exthost] [warning] [Decorations] CAPPING events from decorations provider vscode.git 494
[2021-07-11 01:28:51.961] [exthost] [warning] [Decorations] CAPPING events from decorations provider vscode.git 497
[2021-07-11 01:29:18.088] [exthost] [warning] [Decorations] CAPPING events from decorations provider vscode.git 497
[2021-07-11 01:29:23.198] [exthost] [warning] [Decorations] CAPPING events from decorations provider vscode.git 498
[2021-07-11 01:29:28.285] [exthost] [warning] [Decorations] CAPPING events from decorations provider vscode.git 498
[2021-07-11 01:32:14.496] [exthost] [warning] [Decorations] CAPPING events from decorations provider vscode.git 506
[2021-07-11 01:32:19.558] [exthost] [warning] [Decorations] CAPPING events from decorations provider vscode.git 506
[2021-07-11 01:36:49.642] [exthost] [warning] [Decorations] CAPPING events from decorations provider vscode.git 506
[2021-07-11 01:40:02.888] [exthost] [warning] [Decorations] CAPPING events from decorations provider vscode.git 506
[2021-07-11 01:40:07.949] [exthost] [warning] [Decorations] CAPPING events from decorations provider vscode.git 514
[2021-07-11 01:42:01.885] [exthost] [warning] [Decorations] CAPPING events from decorations provider vscode.git 514
[2021-07-11 01:42:06.952] [exthost] [warning] [Decorations] CAPPING events from decorations provider vscode.git 516
[2021-07-11 01:52:56.191] [exthost] [warning] [Decorations] CAPPING events from decorations provider vscode.git 517
[2021-07-11 01:53:02.321] [exthost] [warning] [Decorations] CAPPING events from decorations provider vscode.git 517
[2021-07-11 01:53:15.369] [exthost] [warning] [Decorations] CAPPING events from decorations provider vscode.git 517
[2021-07-11 01:53:43.679] [exthost] [warning] [Decorations] CAPPING events from decorations provider vscode.git 517
[2021-07-11 01:57:08.121] [exthost] [warning] [Decorations] CAPPING events from decorations provider vscode.git 517
[2021-07-11 01:57:16.910] [exthost] [warning] [Decorations] CAPPING events from decorations provider vscode.git 517
[2021-07-11 02:02:43.029] [exthost] [warning] [Decorations] CAPPING events from decorations provider vscode.git 518
[2021-07-11 02:02:48.083] [exthost] [warning] [Decorations] CAPPING events from decorations provider vscode.git 518
[2021-07-11 02:05:17.345] [exthost] [warning] [Decorations] CAPPING events from decorations provider vscode.git 518
[2021-07-11 02:18:18.495] [exthost] [warning] [Decorations] CAPPING events from decorations provider vscode.git 517
[2021-07-11 02:18:23.553] [exthost] [warning] [Decorations] CAPPING events from decorations provider vscode.git 517
[2021-07-11 02:18:54.606] [exthost] [warning] [Decorations] CAPPING events from decorations provider vscode.git 517
[2021-07-11 02:18:59.648] [exthost] [warning] [Decorations] CAPPING events from decorations provider vscode.git 517
[2021-07-11 13:04:30.686] [exthost] [info] extension host terminating: received terminate message from renderer
[2021-07-11 13:04:31.696] [exthost] [info] exiting with code 0
